# JRE version: Java(TM) SE Runtime Environment 18.9 (11.0.11+9) (build 11.0.11+9-LTS-194)
# Java VM: Java HotSpot(TM) 64-Bit Server VM 18.9 (11.0.11+9-LTS-194, mixed mode, tiered, compressed oops, g1 gc, windows-amd64)
Heap:
 garbage-first heap   total 522240K, used 164215K [0x0000000602000000, 0x0000000800000000)
  region size 2048K, 79 young (161792K), 5 survivors (10240K)
 Metaspace       used 58074K, capacity 59891K, committed 60080K, reserved 1101824K
  class space    used 7488K, capacity 8182K, committed 8192K, reserved 1048576K
GC Heap History (10 events):
Event: 0.977 GC heap before
{Heap before GC invocations=0 (full 0):
 garbage-first heap   total 522240K, used 24576K [0x0000000602000000, 0x0000000800000000)
  region size 2048K, 12 young (24576K), 0 survivors (0K)
 Metaspace       used 13970K, capacity 14348K, committed 14464K, reserved 1062912K
  class space    used 1469K, capacity 1596K, committed 1664K, reserved 1048576K
}
Event: 0.982 GC heap after
{Heap after GC invocations=1 (full 0):
 garbage-first heap   total 522240K, used 6227K [0x0000000602000000, 0x0000000800000000)
  region size 2048K, 2 young (4096K), 2 survivors (4096K)
 Metaspace       used 13970K, capacity 14348K, committed 14464K, reserved 1062912K
  class space    used 1469K, capacity 1596K, committed 1664K, reserved 1048576K
}
Event: 1.258 GC heap before
{Heap before GC invocations=1 (full 0):
 garbage-first heap   total 522240K, used 26707K [0x0000000602000000, 0x0000000800000000)
  region size 2048K, 12 young (24576K), 2 survivors (4096K)
 Metaspace       used 17476K, capacity 17945K, committed 18048K, reserved 1064960K
  class space    used 1947K, capacity 2146K, committed 2176K, reserved 1048576K
}
Event: 1.262 GC heap after
{Heap after GC invocations=2 (full 0):
 garbage-first heap   total 522240K, used 7607K [0x0000000602000000, 0x0000000800000000)
  region size 2048K, 1 young (2048K), 1 survivors (2048K)
 Metaspace       used 17476K, capacity 17945K, committed 18048K, reserved 1064960K
  class space    used 1947K, capacity 2146K, committed 2176K, reserved 1048576K
}
Event: 1.455 GC heap before
{Heap before GC invocations=2 (full 0):
 garbage-first heap   total 522240K, used 26039K [0x0000000602000000, 0x0000000800000000)
  region size 2048K, 11 young (22528K), 1 survivors (2048K)
 Metaspace       used 20587K, capacity 21163K, committed 21296K, reserved 1069056K
  class space    used 2373K, capacity 2651K, committed 2688K, reserved 1048576K
}
Event: 1.457 GC heap after
{Heap after GC invocations=3 (full 0):
 garbage-first heap   total 522240K, used 8369K [0x0000000602000000, 0x0000000800000000)
  region size 2048K, 2 young (4096K), 2 survivors (4096K)
 Metaspace       used 20587K, capacity 21163K, committed 21296K, reserved 1069056K
  class space    used 2373K, capacity 2651K, committed 2688K, reserved 1048576K
}
Event: 1.758 GC heap before
{Heap before GC invocations=4 (full 0):
 garbage-first heap   total 522240K, used 73905K [0x0000000602000000, 0x0000000800000000)
  region size 2048K, 35 young (71680K), 2 survivors (4096K)
 Metaspace       used 25045K, capacity 25929K, committed 26160K, reserved 1073152K
  class space    used 2984K, capacity 3358K, committed 3456K, reserved 1048576K
}
Event: 1.761 GC heap after
{Heap after GC invocations=5 (full 0):
 garbage-first heap   total 522240K, used 10144K [0x0000000602000000, 0x0000000800000000)
  region size 2048K, 2 young (4096K), 2 survivors (4096K)
 Metaspace       used 25045K, capacity 25929K, committed 26160K, reserved 1073152K
  class space    used 2984K, capacity 3358K, committed 3456K, reserved 1048576K
}
Event: 2.770 GC heap before
{Heap before GC invocations=5 (full 0):
 garbage-first heap   total 522240K, used 141216K [0x0000000602000000, 0x0000000800000000)
  region size 2048K, 68 young (139264K), 2 survivors (4096K)
 Metaspace       used 34472K, capacity 35836K, committed 35920K, reserved 1081344K
  class space    used 4332K, capacity 4864K, committed 4864K, reserved 1048576K
}
Event: 2.777 GC heap after
{Heap after GC invocations=6 (full 0):
 garbage-first heap   total 522240K, used 14711K [0x0000000602000000, 0x0000000800000000)
  region size 2048K, 5 young (10240K), 5 survivors (10240K)
 Metaspace       used 34472K, capacity 35836K, committed 35920K, reserved 1081344K
  class space    used 4332K, capacity 4864K, committed 4864K, reserved 1048576K
}

