# JRE version: Java(TM) SE Runtime Environment 18.9 (11.0.11+9) (build 11.0.11+9-LTS-194)
# Java VM: Java HotSpot(TM) 64-Bit Server VM 18.9 (11.0.11+9-LTS-194, mixed mode, tiered, compressed oops, g1 gc, windows-amd64)
Heap:
 garbage-first heap   total 522240K, used 24954K [0x0000000602000000, 0x0000000800000000)
  region size 2048K, 11 young (22528K), 9 survivors (18432K)
 Metaspace       used 58380K, capacity 60159K, committed 60336K, reserved 1101824K
  class space    used 7536K, capacity 8251K, committed 8288K, reserved 1048576K
GC Heap History (10 events):
Event: 1.907 GC heap before
{Heap before GC invocations=4 (full 0):
 garbage-first heap   total 522240K, used 71733K [0x0000000602000000, 0x0000000800000000)
  region size 2048K, 33 young (67584K), 1 survivors (2048K)
 Metaspace       used 24902K, capacity 25721K, committed 25776K, reserved 1071104K
  class space    used 2962K, capacity 3311K, committed 3328K, reserved 1048576K
}
Event: 1.910 GC heap after
{Heap after GC invocations=5 (full 0):
 garbage-first heap   total 522240K, used 9891K [0x0000000602000000, 0x0000000800000000)
  region size 2048K, 2 young (4096K), 2 survivors (4096K)
 Metaspace       used 24902K, capacity 25721K, committed 25776K, reserved 1071104K
  class space    used 2962K, capacity 3311K, committed 3328K, reserved 1048576K
}
Event: 2.726 GC heap before
{Heap before GC invocations=5 (full 0):
 garbage-first heap   total 522240K, used 108195K [0x0000000602000000, 0x0000000800000000)
  region size 2048K, 51 young (104448K), 2 survivors (4096K)
 Metaspace       used 32655K, capacity 33929K, committed 33968K, reserved 1079296K
  class space    used 4063K, capacity 4590K, committed 4608K, reserved 1048576K
}
Event: 2.732 GC heap after
{Heap after GC invocations=6 (full 0):
 garbage-first heap   total 522240K, used 13930K [0x0000000602000000, 0x0000000800000000)
  region size 2048K, 4 young (8192K), 4 survivors (8192K)
 Metaspace       used 32655K, capacity 33929K, committed 33968K, reserved 1079296K
  class space    used 4063K, capacity 4590K, committed 4608K, reserved 1048576K
}
Event: 2.923 GC heap before
{Heap before GC invocations=6 (full 0):
 garbage-first heap   total 522240K, used 46698K [0x0000000602000000, 0x0000000800000000)
  region size 2048K, 22 young (45056K), 4 survivors (8192K)
 Metaspace       used 34468K, capacity 35768K, committed 35920K, reserved 1081344K
  class space    used 4332K, capacity 4864K, committed 4864K, reserved 1048576K
}
Event: 2.930 GC heap after
{Heap after GC invocations=7 (full 0):
 garbage-first heap   total 522240K, used 14702K [0x0000000602000000, 0x0000000800000000)
  region size 2048K, 5 young (10240K), 5 survivors (10240K)
 Metaspace       used 34468K, capacity 35768K, committed 35920K, reserved 1081344K
  class space    used 4332K, capacity 4864K, committed 4864K, reserved 1048576K
}
Event: 46.606 GC heap before
{Heap before GC invocations=8 (full 0):
 garbage-first heap   total 522240K, used 151918K [0x0000000602000000, 0x0000000800000000)
  region size 2048K, 72 young (147456K), 5 survivors (10240K)
 Metaspace       used 55009K, capacity 56766K, committed 56912K, reserved 1097728K
  class space    used 7146K, capacity 7825K, committed 7936K, reserved 1048576K
}
Event: 46.616 GC heap after
{Heap after GC invocations=9 (full 0):
 garbage-first heap   total 522240K, used 22090K [0x0000000602000000, 0x0000000800000000)
  region size 2048K, 8 young (16384K), 8 survivors (16384K)
 Metaspace       used 55009K, capacity 56766K, committed 56912K, reserved 1097728K
  class space    used 7146K, capacity 7825K, committed 7936K, reserved 1048576K
}
Event: 46.813 GC heap before
{Heap before GC invocations=9 (full 0):
 garbage-first heap   total 522240K, used 36426K [0x0000000602000000, 0x0000000800000000)
  region size 2048K, 16 young (32768K), 8 survivors (16384K)
 Metaspace       used 58240K, capacity 60013K, committed 60080K, reserved 1101824K
  class space    used 7517K, capacity 8246K, committed 8288K, reserved 1048576K
}
Event: 46.824 GC heap after
{Heap after GC invocations=10 (full 0):
 garbage-first heap   total 522240K, used 22906K [0x0000000602000000, 0x0000000800000000)
  region size 2048K, 9 young (18432K), 9 survivors (18432K)
 Metaspace       used 58240K, capacity 60013K, committed 60080K, reserved 1101824K
  class space    used 7517K, capacity 8246K, committed 8288K, reserved 1048576K
}

